14.12.2025, 17:11:31 - INFO - Server is running on port: 3030
14.12.2025, 17:12:07 - INFO - New connected socket [id: iLhFgbt3DP-i-q6SAAAB]
14.12.2025, 17:12:10 - INFO - /api/car | GET |  | {}
14.12.2025, 17:12:10 - INFO - /api/car | GET |  | {}
14.12.2025, 17:14:57 - INFO - /api/car | GET |  | {"id":"6668c400093d89b25d071959"}
14.12.2025, 17:15:02 - INFO - /api/car | GET |  | {}
14.12.2025, 17:15:02 - INFO - /api/car | GET |  | {}
14.12.2025, 17:16:04 - INFO - Server is running on port: 3030
14.12.2025, 17:16:05 - INFO - New connected socket [id: 0JrLyXkLN3bSt6kNAAAB]
14.12.2025, 17:16:08 - INFO - /api/review | GET |  | {}
14.12.2025, 17:16:08 - ERROR - Cannot get reviews | TypeError: Converting circular structure to JSON
    --> starting at object with constructor 'MongoClient'
    |     property 's' -> object with constructor 'Object'
    |     property 'sessionPool' -> object with constructor 'ServerSessionPool'
    --- property 'client' closes the circle
14.12.2025, 17:16:30 - INFO - Server is running on port: 3030
14.12.2025, 17:16:30 - INFO - New connected socket [id: wNo_pnj6yzE2LFWsAAAB]
14.12.2025, 17:16:34 - INFO - /api/review | GET |  | {}
14.12.2025, 17:17:02 - INFO - Server is running on port: 3030
14.12.2025, 17:17:03 - INFO - New connected socket [id: BNm8LWI9dOHY11uEAAAB]
14.12.2025, 17:17:09 - INFO - /api/review | GET |  | {}
14.12.2025, 17:17:09 - ERROR - Cannot get reviews | TypeError: Converting circular structure to JSON
    --> starting at object with constructor 'MongoClient'
    |     property 's' -> object with constructor 'Object'
    |     property 'sessionPool' -> object with constructor 'ServerSessionPool'
    --- property 'client' closes the circle
14.12.2025, 17:17:29 - INFO - Server is running on port: 3030
14.12.2025, 17:17:30 - INFO - /api/review | GET |  | {}
14.12.2025, 17:17:30 - INFO - New connected socket [id: jJ5yhwtsbL63ngQsAAAB]
14.12.2025, 17:17:59 - INFO - Server is running on port: 3030
14.12.2025, 17:18:00 - INFO - /api/review | GET |  | {}
14.12.2025, 17:18:00 - ERROR - Cannot get reviews | TypeError: Converting circular structure to JSON
    --> starting at object with constructor 'MongoClient'
    |     property 's' -> object with constructor 'Object'
    |     property 'sessionPool' -> object with constructor 'ServerSessionPool'
    --- property 'client' closes the circle
14.12.2025, 17:18:01 - INFO - New connected socket [id: UFoQ5hRA_7PQVTYqAAAB]
14.12.2025, 17:19:12 - INFO - Server is running on port: 3030
14.12.2025, 17:19:12 - INFO - New connected socket [id: hG7aZYaAihGKtaf5AAAB]
14.12.2025, 17:19:13 - INFO - /api/review | GET |  | {}
14.12.2025, 17:19:13 - ERROR - Cannot get reviews | TypeError: Converting circular structure to JSON
    --> starting at object with constructor 'MongoClient'
    |     property 's' -> object with constructor 'Object'
    |     property 'sessionPool' -> object with constructor 'ServerSessionPool'
    --- property 'client' closes the circle
14.12.2025, 17:20:46 - INFO - Server is running on port: 3030
14.12.2025, 17:20:47 - INFO - New connected socket [id: UY8aU_xEMXXZkHZlAAAB]
14.12.2025, 17:20:48 - INFO - /api/review | GET |  | {}
14.12.2025, 17:21:12 - INFO - Server is running on port: 3030
14.12.2025, 17:21:13 - INFO - New connected socket [id: hLHEDOjwElgUzCOSAAAB]
14.12.2025, 17:23:29 - INFO - /api/review | GET |  | {}
14.12.2025, 17:25:33 - INFO - Server is running on port: 3030
14.12.2025, 17:25:34 - INFO - /api/review | GET |  | {}
14.12.2025, 17:25:34 - INFO - New connected socket [id: OlL7H8xN9cNzt06LAAAB]
14.12.2025, 17:25:44 - INFO - Server is running on port: 3030
14.12.2025, 17:25:45 - INFO - New connected socket [id: WbwfV7qkdR4iuC3tAAAB]
14.12.2025, 17:25:45 - INFO - /api/review | GET |  | {}
14.12.2025, 17:26:01 - INFO - Server is running on port: 3030
14.12.2025, 17:26:02 - INFO - /api/review | GET |  | {}
14.12.2025, 17:26:02 - INFO - New connected socket [id: bbjlQpxR7aGn2PBYAAAB]
14.12.2025, 17:26:10 - INFO - Server is running on port: 3030
14.12.2025, 17:26:11 - INFO - /api/review | GET |  | {}
14.12.2025, 17:26:11 - INFO - New connected socket [id: VGZ1kquSLj1DZuYLAAAB]
15.12.2025, 9:34:55 - INFO - Server is running on port: 3030
15.12.2025, 9:35:25 - INFO - New connected socket [id: GyHaRuJCFcdKSuv7AAAB]
15.12.2025, 9:35:38 - INFO - /api/car | GET |  | {}
15.12.2025, 9:35:38 - INFO - /api/car | GET |  | {}
15.12.2025, 9:49:26 - INFO - /api/car | GET |  | {}
15.12.2025, 9:49:26 - INFO - /api/car | GET |  | {}
15.12.2025, 9:49:34 - INFO - /api/car | GET |  | {}
15.12.2025, 9:49:39 - INFO - /api/car | GET |  | {}
15.12.2025, 9:49:40 - INFO - /api/car | GET |  | {}
15.12.2025, 9:49:40 - INFO - /api/car | GET |  | {}
15.12.2025, 9:49:41 - INFO - /api/car | GET |  | {}
15.12.2025, 9:49:41 - INFO - /api/car | GET |  | {}
15.12.2025, 9:49:43 - INFO - /api/car | GET |  | {}
15.12.2025, 9:49:43 - INFO - /api/car | GET |  | {}
15.12.2025, 9:49:43 - INFO - /api/car | GET |  | {}
15.12.2025, 9:49:44 - INFO - /api/car | GET |  | {}
15.12.2025, 9:49:44 - INFO - /api/car | GET |  | {}
15.12.2025, 9:49:44 - INFO - /api/car | GET |  | {}
15.12.2025, 9:49:47 - INFO - /api/car | GET |  | {}
15.12.2025, 9:49:49 - INFO - /api/car | GET |  | {}
15.12.2025, 9:49:50 - INFO - /api/car | GET |  | {}
15.12.2025, 9:49:51 - INFO - /api/car | GET |  | {}
15.12.2025, 9:49:52 - INFO - /api/car | GET |  | {}
15.12.2025, 9:49:57 - INFO - /api/car | GET |  | {}
15.12.2025, 9:50:05 - INFO - /api/review | GET |  | {}
15.12.2025, 9:50:20 - INFO - /api/car | GET |  | {}
15.12.2025, 9:50:20 - INFO - /api/car | GET |  | {}
15.12.2025, 9:50:25 - DEBUG - auth.service - login with username: bob
15.12.2025, 9:50:25 - INFO - User login:  | {"_id":"664f8261e6205c622dbc14e2","username":"bob","fullname":"bob","imgUrl":"https://cdn.pixabay.com/photo/2020/07/01/12/58/icon-5359553_1280.png","score":660,"isAdmin":true}
15.12.2025, 9:50:25 - INFO - Setting socket.userId = 664f8261e6205c622dbc14e2 for socket [id: GyHaRuJCFcdKSuv7AAAB]
15.12.2025, 9:50:30 - INFO - user-watch from socket [id: GyHaRuJCFcdKSuv7AAAB], on user 664f8261e6205c622dbc14e2
15.12.2025, 9:50:37 - INFO - /api/review | GET |  | {} | 664f8261e6205c622dbc14e2
15.12.2025, 9:51:48 - INFO - /api/car | GET |  | {} | 664f8261e6205c622dbc14e2
15.12.2025, 9:51:48 - INFO - /api/car | GET |  | {} | 664f8261e6205c622dbc14e2
15.12.2025, 9:51:52 - INFO - /api/car | GET |  | {"id":"6655e6883660ea02bdfbb955"} | 664f8261e6205c622dbc14e2
15.12.2025, 10:06:03 - INFO - /api/review | GET |  | {} | 664f8261e6205c622dbc14e2
15.12.2025, 10:06:26 - INFO - user-watch from socket [id: GyHaRuJCFcdKSuv7AAAB], on user 664f8261e6205c622dbc14e2
15.12.2025, 10:06:45 - INFO - /api/review | GET |  | {} | 664f8261e6205c622dbc14e2
15.12.2025, 10:06:49 - INFO - user-watch from socket [id: GyHaRuJCFcdKSuv7AAAB], on user 664f8261e6205c622dbc14e2
15.12.2025, 10:07:27 - INFO - /api/review | GET |  | {} | 664f8261e6205c622dbc14e2
15.12.2025, 10:10:36 - INFO - /api/review | GET |  | {} | 664f8261e6205c622dbc14e2
15.12.2025, 10:11:41 - INFO - Server is running on port: 3030
15.12.2025, 10:11:42 - INFO - /api/review | GET |  | {} | 664f8261e6205c622dbc14e2
15.12.2025, 10:11:42 - INFO - New connected socket [id: 3-0vO4OVTUpn98MCAAAB]
15.12.2025, 10:14:06 - INFO - Server is running on port: 3030
15.12.2025, 10:14:07 - INFO - New connected socket [id: hAXx6dJdlnBFSAXXAAAB]
15.12.2025, 10:14:19 - INFO - /api/review | GET |  | {} | 664f8261e6205c622dbc14e2
15.12.2025, 10:16:16 - INFO - /api/review | GET |  | {} | 664f8261e6205c622dbc14e2
15.12.2025, 10:16:23 - INFO - Server is running on port: 3030
15.12.2025, 10:16:24 - INFO - New connected socket [id: NA9gPtQLyhGZxCxvAAAB]
15.12.2025, 10:16:25 - INFO - /api/review | GET |  | {} | 664f8261e6205c622dbc14e2
15.12.2025, 10:19:40 - INFO - Server is running on port: 3030
15.12.2025, 10:19:41 - INFO - New connected socket [id: tBBTTYayi9I9mcjFAAAB]
15.12.2025, 10:19:50 - INFO - /api/review | GET |  | {} | 664f8261e6205c622dbc14e2
15.12.2025, 10:20:30 - INFO - Server is running on port: 3030
15.12.2025, 10:20:31 - INFO - New connected socket [id: PVUCG9PaPEoGM6UTAAAB]
15.12.2025, 10:20:32 - INFO - /api/review | GET |  | {} | 664f8261e6205c622dbc14e2
15.12.2025, 10:20:56 - INFO - Server is running on port: 3030
15.12.2025, 10:20:57 - INFO - /api/review | GET |  | {} | 664f8261e6205c622dbc14e2
15.12.2025, 10:20:57 - INFO - New connected socket [id: oBDocpkh2EjI8CZxAAAB]
15.12.2025, 10:22:40 - INFO - Server is running on port: 3030
15.12.2025, 10:22:42 - INFO - New connected socket [id: B3G1llmhLm-eQ1TfAAAB]
15.12.2025, 10:23:12 - INFO - /api/review | GET |  | {} | 664f8261e6205c622dbc14e2
15.12.2025, 10:27:57 - INFO - user-watch from socket [id: B3G1llmhLm-eQ1TfAAAB], on user 6673ed567b3a8ae2e598215a
15.12.2025, 10:32:46 - INFO - /api/review | GET |  | {} | 664f8261e6205c622dbc14e2
15.12.2025, 10:54:21 - INFO - Socket disconnected [id: undefined]
15.12.2025, 10:54:22 - INFO - New connected socket [id: gL0h0axumm_qa3x1AAAD]
15.12.2025, 10:54:22 - INFO - /api/review | GET |  | {} | 664f8261e6205c622dbc14e2
15.12.2025, 10:54:22 - INFO - Setting socket.userId = 664f8261e6205c622dbc14e2 for socket [id: gL0h0axumm_qa3x1AAAD]
15.12.2025, 10:55:09 - INFO - Socket disconnected [id: undefined]
15.12.2025, 10:55:09 - INFO - New connected socket [id: UN3Mh2MssdoUwKJQAAAF]
15.12.2025, 10:55:10 - INFO - /api/review | GET |  | {} | 664f8261e6205c622dbc14e2
15.12.2025, 10:55:10 - INFO - Setting socket.userId = 664f8261e6205c622dbc14e2 for socket [id: UN3Mh2MssdoUwKJQAAAF]
15.12.2025, 10:55:31 - INFO - /api/car | GET |  | {} | 664f8261e6205c622dbc14e2
15.12.2025, 10:55:31 - INFO - /api/car | GET |  | {} | 664f8261e6205c622dbc14e2
15.12.2025, 10:55:32 - INFO - /api/car | GET |  | {} | 664f8261e6205c622dbc14e2
15.12.2025, 10:55:52 - INFO - /api/car | GET |  | {} | 664f8261e6205c622dbc14e2
15.12.2025, 10:56:02 - INFO - Socket disconnected [id: undefined]
15.12.2025, 10:56:29 - INFO - New connected socket [id: BWwdFKdCg3iEBe03AAAH]
15.12.2025, 10:56:29 - INFO - /api/car | GET |  | {} | 664f8261e6205c622dbc14e2
15.12.2025, 10:56:29 - INFO - /api/car | GET |  | {} | 664f8261e6205c622dbc14e2
15.12.2025, 10:56:29 - INFO - Setting socket.userId = 664f8261e6205c622dbc14e2 for socket [id: BWwdFKdCg3iEBe03AAAH]
15.12.2025, 10:56:52 - INFO - /api/car | GET |  | {} | 664f8261e6205c622dbc14e2
15.12.2025, 11:03:11 - INFO - Socket disconnected [id: undefined]
24.12.2025, 18:06:19 - INFO - Server is running on port: 3030
24.12.2025, 18:06:30 - INFO - New connected socket [id: Y2b0BF64Pxr_XMlMAAAB]
24.12.2025, 18:07:23 - INFO - /api/review | GET |  | {}
24.12.2025, 18:07:35 - INFO - /api/car | GET |  | {}
24.12.2025, 18:07:53 - ERROR - Cannot Connect to DB | MongoServerSelectionError: connect ECONNREFUSED 127.0.0.1:27017
24.12.2025, 18:07:53 - ERROR - Failed to get Mongo collection | MongoServerSelectionError: connect ECONNREFUSED 127.0.0.1:27017
24.12.2025, 18:07:53 - ERROR - cannot get reviews | MongoServerSelectionError: connect ECONNREFUSED 127.0.0.1:27017
24.12.2025, 18:07:53 - ERROR - Cannot get reviews | MongoServerSelectionError: connect ECONNREFUSED 127.0.0.1:27017
24.12.2025, 18:07:53 - ERROR - Cannot Connect to DB | MongoServerSelectionError: connect ECONNREFUSED 127.0.0.1:27017
24.12.2025, 18:07:53 - ERROR - Failed to get Mongo collection | MongoServerSelectionError: connect ECONNREFUSED 127.0.0.1:27017
24.12.2025, 18:07:53 - ERROR - cannot find users | MongoServerSelectionError: connect ECONNREFUSED 127.0.0.1:27017
24.12.2025, 18:07:53 - ERROR - Failed to get users | MongoServerSelectionError: connect ECONNREFUSED 127.0.0.1:27017
24.12.2025, 18:07:55 - INFO - /api/car | GET |  | {}
24.12.2025, 18:08:05 - ERROR - Failed to get Mongo collection | MongoServerSelectionError: connect ECONNREFUSED 127.0.0.1:27017
24.12.2025, 18:08:05 - ERROR - Cannot Connect to DB | MongoServerSelectionError: connect ECONNREFUSED 127.0.0.1:27017
24.12.2025, 18:08:05 - ERROR - Failed to get cars | MongoServerSelectionError: connect ECONNREFUSED 127.0.0.1:27017
24.12.2025, 18:08:05 - ERROR - cannot find cars | MongoServerSelectionError: connect ECONNREFUSED 127.0.0.1:27017
24.12.2025, 18:08:21 - INFO - /api/car | GET |  | {}
24.12.2025, 18:08:25 - ERROR - Cannot Connect to DB | MongoServerSelectionError: connect ECONNREFUSED 127.0.0.1:27017
24.12.2025, 18:08:25 - ERROR - Failed to get Mongo collection | MongoServerSelectionError: connect ECONNREFUSED 127.0.0.1:27017
24.12.2025, 18:08:25 - ERROR - Failed to get cars | MongoServerSelectionError: connect ECONNREFUSED 127.0.0.1:27017
24.12.2025, 18:08:25 - ERROR - cannot find cars | MongoServerSelectionError: connect ECONNREFUSED 127.0.0.1:27017
24.12.2025, 18:08:41 - INFO - /api/car | GET |  | {}
24.12.2025, 18:08:51 - ERROR - Cannot Connect to DB | MongoServerSelectionError: connect ECONNREFUSED 127.0.0.1:27017
24.12.2025, 18:08:51 - ERROR - Failed to get Mongo collection | MongoServerSelectionError: connect ECONNREFUSED 127.0.0.1:27017
24.12.2025, 18:08:51 - ERROR - cannot find cars | MongoServerSelectionError: connect ECONNREFUSED 127.0.0.1:27017
24.12.2025, 18:08:51 - ERROR - Failed to get cars | MongoServerSelectionError: connect ECONNREFUSED 127.0.0.1:27017
24.12.2025, 18:09:11 - ERROR - Cannot Connect to DB | MongoServerSelectionError: connect ECONNREFUSED 127.0.0.1:27017
24.12.2025, 18:09:11 - ERROR - Failed to get Mongo collection | MongoServerSelectionError: connect ECONNREFUSED 127.0.0.1:27017
24.12.2025, 18:09:11 - ERROR - Failed to get cars | MongoServerSelectionError: connect ECONNREFUSED 127.0.0.1:27017
24.12.2025, 18:09:11 - ERROR - cannot find cars | MongoServerSelectionError: connect ECONNREFUSED 127.0.0.1:27017
24.12.2025, 18:09:46 - INFO - Socket disconnected [id: undefined]
24.12.2025, 18:11:31 - INFO - Server is running on port: 3030
24.12.2025, 18:11:39 - INFO - New connected socket [id: rtlTWVR2DZ-Ia69XAAAB]
24.12.2025, 18:11:42 - INFO - /api/car | GET |  | {}
24.12.2025, 18:11:42 - INFO - /api/car | GET |  | {}
24.12.2025, 18:11:47 - INFO - /api/review | GET |  | {}
24.12.2025, 18:14:46 - DEBUG - auth.service - login with username: bob
24.12.2025, 18:14:46 - INFO - User login:  | {"_id":"664f8261e6205c622dbc14e2","username":"bob","fullname":"bob","imgUrl":"https://cdn.pixabay.com/photo/2020/07/01/12/58/icon-5359553_1280.png","score":660,"isAdmin":true}
24.12.2025, 18:14:46 - INFO - Setting socket.userId = 664f8261e6205c622dbc14e2 for socket [id: rtlTWVR2DZ-Ia69XAAAB]
24.12.2025, 18:14:49 - INFO - Removing socket.userId for socket [id: rtlTWVR2DZ-Ia69XAAAB]
24.12.2025, 18:14:58 - DEBUG - auth.service - login with username: toto
24.12.2025, 18:14:58 - INFO - User login:  | {"_id":"6673ed567b3a8ae2e598215a","username":"toto","fullname":"toto","imgUrl":"https://cdn.pixabay.com/photo/2020/07/01/12/58/icon-5359553_1280.png","isAdmin":true,"score":310}
24.12.2025, 18:14:58 - INFO - Setting socket.userId = 6673ed567b3a8ae2e598215a for socket [id: rtlTWVR2DZ-Ia69XAAAB]
24.12.2025, 18:15:00 - INFO - Removing socket.userId for socket [id: rtlTWVR2DZ-Ia69XAAAB]
24.12.2025, 18:15:05 - DEBUG - auth.service - login with username: nana
24.12.2025, 18:15:05 - INFO - User login:  | {"_id":"664f82f9e6205c622dbc14e5","username":"nana","fullname":"nana","imgUrl":"https://cdn.pixabay.com/photo/2020/07/01/12/58/icon-5359553_1280.png","score":190,"isAdmin":true}
24.12.2025, 18:15:05 - INFO - Setting socket.userId = 664f82f9e6205c622dbc14e5 for socket [id: rtlTWVR2DZ-Ia69XAAAB]
24.12.2025, 18:15:07 - INFO - Removing socket.userId for socket [id: rtlTWVR2DZ-Ia69XAAAB]
24.12.2025, 18:15:13 - DEBUG - auth.service - login with username: dod
24.12.2025, 18:15:13 - INFO - User login:  | {"_id":"664f82a3e6205c622dbc14e3","username":"dod","fullname":"dod","imgUrl":"https://cdn.pixabay.com/photo/2020/07/01/12/58/icon-5359553_1280.png","score":50,"isAdmin":false}
24.12.2025, 18:15:13 - INFO - Setting socket.userId = 664f82a3e6205c622dbc14e3 for socket [id: rtlTWVR2DZ-Ia69XAAAB]
24.12.2025, 18:15:16 - INFO - user-watch from socket [id: rtlTWVR2DZ-Ia69XAAAB], on user 664f82a3e6205c622dbc14e3
24.12.2025, 18:15:18 - INFO - Removing socket.userId for socket [id: rtlTWVR2DZ-Ia69XAAAB]
24.12.2025, 18:49:14 - INFO - /api/car | GET |  | {}
24.12.2025, 18:49:15 - INFO - /api/car | GET |  | {}
24.12.2025, 18:49:20 - INFO - /api/car | GET |  | {"id":"6668c400093d89b25d071959"}
24.12.2025, 18:50:38 - INFO - /api/car | GET |  | {}
24.12.2025, 18:50:39 - INFO - /api/car | GET |  | {}
24.12.2025, 18:50:53 - INFO - /api/car | GET |  | {}
24.12.2025, 18:50:56 - INFO - /api/car | GET |  | {}
24.12.2025, 18:50:58 - INFO - /api/car | GET |  | {}
24.12.2025, 18:51:00 - INFO - /api/car | GET |  | {}
24.12.2025, 18:51:01 - INFO - /api/car | GET |  | {}
24.12.2025, 18:51:02 - INFO - /api/car | GET |  | {}
24.12.2025, 18:51:16 - DEBUG - auth.service - login with username: bob
24.12.2025, 18:51:16 - INFO - User login:  | {"_id":"664f8261e6205c622dbc14e2","username":"bob","fullname":"bob","imgUrl":"https://cdn.pixabay.com/photo/2020/07/01/12/58/icon-5359553_1280.png","score":660,"isAdmin":true}
24.12.2025, 18:51:16 - INFO - Setting socket.userId = 664f8261e6205c622dbc14e2 for socket [id: rtlTWVR2DZ-Ia69XAAAB]
24.12.2025, 18:51:25 - INFO - /api/car | GET |  | {} | 664f8261e6205c622dbc14e2
24.12.2025, 18:51:25 - INFO - /api/car | GET |  | {} | 664f8261e6205c622dbc14e2
24.12.2025, 18:51:33 - INFO - Removing socket.userId for socket [id: rtlTWVR2DZ-Ia69XAAAB]
24.12.2025, 18:51:38 - DEBUG - auth.service - login with username: dod
24.12.2025, 18:51:38 - INFO - User login:  | {"_id":"664f82a3e6205c622dbc14e3","username":"dod","fullname":"dod","imgUrl":"https://cdn.pixabay.com/photo/2020/07/01/12/58/icon-5359553_1280.png","score":50,"isAdmin":false}
24.12.2025, 18:51:38 - INFO - Setting socket.userId = 664f82a3e6205c622dbc14e3 for socket [id: rtlTWVR2DZ-Ia69XAAAB]
24.12.2025, 18:51:41 - INFO - /api/car | GET |  | {} | 664f82a3e6205c622dbc14e3
24.12.2025, 18:51:41 - INFO - /api/car | GET |  | {} | 664f82a3e6205c622dbc14e3
24.12.2025, 18:51:49 - INFO - Removing socket.userId for socket [id: rtlTWVR2DZ-Ia69XAAAB]
24.12.2025, 18:51:54 - DEBUG - auth.service - login with username: stu
24.12.2025, 18:51:54 - INFO - User login:  | {"_id":"6693d014cf656564da81a00d","username":"stu","fullname":"stu","imgUrl":"https://cdn.pixabay.com/photo/2020/07/01/12/58/icon-5359553_1280.png","isAdmin":false,"score":140}
24.12.2025, 18:51:54 - INFO - Setting socket.userId = 6693d014cf656564da81a00d for socket [id: rtlTWVR2DZ-Ia69XAAAB]
24.12.2025, 18:51:57 - INFO - /api/car | GET |  | {} | 6693d014cf656564da81a00d
24.12.2025, 18:51:57 - INFO - /api/car | GET |  | {} | 6693d014cf656564da81a00d
24.12.2025, 18:54:35 - INFO - /api/review | GET |  | {} | 6693d014cf656564da81a00d
24.12.2025, 18:55:38 - INFO - /api/car | GET |  | {} | 6693d014cf656564da81a00d
24.12.2025, 18:55:43 - INFO - /api/review | GET |  | {} | 6693d014cf656564da81a00d
24.12.2025, 18:58:17 - INFO - Server is running on port: 3030
24.12.2025, 18:58:18 - INFO - New connected socket [id: sx87h8hJYc-KxDlkAAAB]
24.12.2025, 18:58:19 - INFO - /api/review | GET |  | {} | 6693d014cf656564da81a00d
24.12.2025, 18:59:27 - INFO - Server is running on port: 3030
24.12.2025, 18:59:28 - INFO - New connected socket [id: dx7qQ0p1xkbyMZu-AAAB]
24.12.2025, 18:59:41 - INFO - /api/review | GET |  | {} | 6693d014cf656564da81a00d
24.12.2025, 19:00:30 - INFO - Server is running on port: 3030
24.12.2025, 19:00:31 - INFO - New connected socket [id: YMNt51hFltrzboXgAAAB]
24.12.2025, 19:01:31 - INFO - /api/review | GET |  | {} | 6693d014cf656564da81a00d
24.12.2025, 19:05:37 - INFO - Server is running on port: 3030
24.12.2025, 19:05:37 - INFO - New connected socket [id: tNBMVW6tywIwRyDiAAAB]
24.12.2025, 19:05:38 - INFO - /api/review | GET |  | {} | 6693d014cf656564da81a00d
24.12.2025, 19:06:39 - INFO - /api/review | GET |  | {} | 6693d014cf656564da81a00d
24.12.2025, 19:06:40 - INFO - Server is running on port: 3030
24.12.2025, 19:06:41 - INFO - New connected socket [id: 8umAPuysow_d9RvCAAAB]
24.12.2025, 19:06:54 - INFO - /api/review | GET |  | {} | 6693d014cf656564da81a00d
24.12.2025, 19:07:34 - INFO - Server is running on port: 3030
24.12.2025, 19:07:35 - INFO - /api/review | GET |  | {} | 6693d014cf656564da81a00d
24.12.2025, 19:07:35 - INFO - New connected socket [id: otc1_-XSefs5hGJkAAAB]
24.12.2025, 19:08:00 - INFO - Server is running on port: 3030
24.12.2025, 19:08:01 - INFO - New connected socket [id: hSEP7QIiqN7C6wTeAAAB]
24.12.2025, 19:08:02 - INFO - /api/review | GET |  | {} | 6693d014cf656564da81a00d
24.12.2025, 19:08:41 - INFO - Server is running on port: 3030
24.12.2025, 19:08:42 - INFO - New connected socket [id: az7BgQXayrNzr3ctAAAB]
24.12.2025, 19:08:44 - INFO - /api/review | GET |  | {} | 6693d014cf656564da81a00d
24.12.2025, 19:10:22 - INFO - Server is running on port: 3030
24.12.2025, 19:10:23 - INFO - New connected socket [id: Utu452B6yhV-wQQBAAAB]
24.12.2025, 19:11:03 - INFO - /api/review | GET |  | {} | 6693d014cf656564da81a00d
24.12.2025, 19:13:27 - INFO - user-watch from socket [id: Utu452B6yhV-wQQBAAAB], on user 6693d014cf656564da81a00d
24.12.2025, 19:14:13 - INFO - /api/review | GET |  | {} | 6693d014cf656564da81a00d
24.12.2025, 19:14:21 - INFO - user-watch from socket [id: Utu452B6yhV-wQQBAAAB], on user 6673ed567b3a8ae2e598215a
24.12.2025, 19:17:24 - INFO - Server is running on port: 3030
24.12.2025, 19:17:25 - INFO - New connected socket [id: o9ZU-OFL6gBAi2kcAAAB]
24.12.2025, 19:17:26 - INFO - Socket disconnected [id: undefined]
24.12.2025, 19:17:26 - INFO - New connected socket [id: ct7qJXai74SbqylRAAAD]
24.12.2025, 19:17:26 - INFO - Setting socket.userId = 6693d014cf656564da81a00d for socket [id: ct7qJXai74SbqylRAAAD]
24.12.2025, 19:17:26 - INFO - user-watch from socket [id: ct7qJXai74SbqylRAAAD], on user 6673ed567b3a8ae2e598215a
24.12.2025, 19:19:00 - INFO - /api/review | GET |  | {} | 6693d014cf656564da81a00d
24.12.2025, 19:19:36 - INFO - user-watch from socket [id: ct7qJXai74SbqylRAAAD], on user 664f82f9e6205c622dbc14e5
24.12.2025, 19:19:37 - INFO - /api/review | GET |  | {} | 6693d014cf656564da81a00d
24.12.2025, 19:19:47 - INFO - user-watch from socket [id: ct7qJXai74SbqylRAAAD], on user 6673ed567b3a8ae2e598215a
24.12.2025, 19:20:27 - INFO - /api/review | GET |  | {} | 6693d014cf656564da81a00d
24.12.2025, 19:20:30 - INFO - user-watch from socket [id: ct7qJXai74SbqylRAAAD], on user 6673ed567b3a8ae2e598215a
24.12.2025, 19:20:52 - INFO - /api/review | GET |  | {} | 6693d014cf656564da81a00d
24.12.2025, 19:21:00 - INFO - user-watch from socket [id: ct7qJXai74SbqylRAAAD], on user 6673ed567b3a8ae2e598215a
24.12.2025, 19:21:22 - INFO - /api/review | GET |  | {} | 6693d014cf656564da81a00d
24.12.2025, 19:21:24 - INFO - user-watch from socket [id: ct7qJXai74SbqylRAAAD], on user 6673ed567b3a8ae2e598215a
24.12.2025, 19:21:28 - INFO - /api/review | GET |  | {} | 6693d014cf656564da81a00d
24.12.2025, 19:22:06 - INFO - user-watch from socket [id: ct7qJXai74SbqylRAAAD], on user 6673ed567b3a8ae2e598215a
24.12.2025, 19:32:25 - INFO - /api/review | GET |  | {} | 6693d014cf656564da81a00d
24.12.2025, 19:34:33 - INFO - /api/review | GET |  | {} | 6693d014cf656564da81a00d
24.12.2025, 19:37:11 - INFO - Socket disconnected [id: undefined]
24.12.2025, 19:38:08 - INFO - New connected socket [id: QIA9SvTbz0l6PpglAAAF]
24.12.2025, 19:38:13 - INFO - /api/car | GET |  | {} | 6693d014cf656564da81a00d
24.12.2025, 19:38:13 - INFO - /api/car | GET |  | {} | 6693d014cf656564da81a00d
24.12.2025, 19:38:14 - INFO - /api/review | GET |  | {} | 6693d014cf656564da81a00d
12.6.2026, 14:16:36 - INFO - Server is running on port: 3030
12.6.2026, 14:16:40 - INFO - New connected socket [id: PMMW9fvVReWQTGnqAAAB]
12.6.2026, 14:16:44 - INFO - /api/car | GET |  | {}
12.6.2026, 14:16:44 - INFO - /api/car | GET |  | {}
12.6.2026, 14:16:45 - INFO - /api/review | GET |  | {}
12.6.2026, 14:16:46 - INFO - /api/car | GET |  | {}
12.6.2026, 14:16:46 - INFO - /api/car | GET |  | {}
12.6.2026, 16:06:25 - INFO - /api/car | GET |  | {}
12.6.2026, 16:06:25 - INFO - /api/car | GET |  | {}
12.6.2026, 16:06:27 - INFO - /api/car | GET |  | {}
12.6.2026, 16:06:27 - INFO - /api/car | GET |  | {}
12.6.2026, 16:06:28 - INFO - /api/car | GET |  | {}
12.6.2026, 16:06:28 - INFO - /api/car | GET |  | {}
13.6.2026, 14:21:41 - INFO - Server is running on port: 3030
13.6.2026, 14:21:43 - INFO - New connected socket [id: MIyn3ijE6fRJ1L2vAAAB]
13.6.2026, 14:21:43 - INFO - New connected socket [id: TYj0Y7VFVeafEAgsAAAD]
13.6.2026, 14:21:46 - INFO - New connected socket [id: Q4iaqufE2A6GhWEIAAAF]
13.6.2026, 14:22:27 - INFO - Socket disconnected [id: undefined]
13.6.2026, 14:22:29 - INFO - New connected socket [id: gY8qaJCs_wbD0-4fAAAH]
13.6.2026, 14:23:07 - INFO - New connected socket [id: 37AkCnzxRDRPSc-GAAAJ]
13.6.2026, 14:23:07 - INFO - Socket disconnected [id: undefined]
13.6.2026, 14:23:11 - INFO - Socket disconnected [id: undefined]
13.6.2026, 14:24:51 - INFO - Socket disconnected [id: undefined]
13.6.2026, 14:24:51 - INFO - New connected socket [id: iBflU4T0lMn8NS2CAAAL]
13.6.2026, 14:26:17 - INFO - Server is running on port: 3030
13.6.2026, 14:26:18 - INFO - New connected socket [id: sBOBYCIziS3i-69pAAAB]
13.6.2026, 14:26:19 - INFO - New connected socket [id: 3VQ69M-c7wST75AyAAAD]
13.6.2026, 14:26:22 - INFO - Server is running on port: 3030
13.6.2026, 14:26:23 - INFO - New connected socket [id: xpoX5VT9DUXFDQhZAAAB]
13.6.2026, 14:26:23 - INFO - New connected socket [id: 2TUk-jwyP5o0FN1iAAAD]
13.6.2026, 14:26:26 - DEBUG - auth.service - login with username: Yair111
13.6.2026, 14:26:26 - INFO - User login:  | {"_id":"6a19881cb444365963b8ae31","username":"Yair111","fullname":"Yair Krakowski","score":0}
13.6.2026, 14:26:26 - INFO - Setting socket.userId = 6a19881cb444365963b8ae31 for socket [id: xpoX5VT9DUXFDQhZAAAB]
13.6.2026, 14:26:27 - INFO - /api/car | GET |  | {} | 6a19881cb444365963b8ae31
13.6.2026, 14:26:27 - INFO - /api/car | GET |  | {} | 6a19881cb444365963b8ae31
13.6.2026, 14:26:32 - INFO - /api/car | POST | {"_id":"","vendor":"ASS","speed":129,"msgs":[]} | {} | 6a19881cb444365963b8ae31
13.6.2026, 14:26:45 - INFO - /api/car | GET |  | {} | 6a19881cb444365963b8ae31
13.6.2026, 14:26:45 - INFO - /api/car | GET |  | {} | 6a19881cb444365963b8ae31
13.6.2026, 14:27:08 - INFO - Server is running on port: 3030
13.6.2026, 14:27:09 - INFO - New connected socket [id: fa-mfixvFfAuhjd5AAAB]
13.6.2026, 14:27:09 - INFO - New connected socket [id: CtdVdGLJdT4-jhyRAAAD]
6.7.2026, 12:53:41 - INFO - Server is running on port: 3030
6.7.2026, 12:53:41 - INFO - New connected socket [id: lDrYnBYlf6FFXGndAAAB]
6.7.2026, 12:53:43 - INFO - Socket disconnected [id: undefined]
6.7.2026, 12:53:43 - INFO - New connected socket [id: esslRmAPeRsbacpCAAAD]
6.7.2026, 12:53:43 - INFO - Setting socket.userId = Xl53T for socket [id: esslRmAPeRsbacpCAAAD]
6.7.2026, 12:55:58 - INFO - Socket disconnected [id: undefined]
6.7.2026, 12:55:58 - INFO - New connected socket [id: oKCJacR0tOUtTVePAAAF]
6.7.2026, 12:55:59 - INFO - Setting socket.userId = Xl53T for socket [id: oKCJacR0tOUtTVePAAAF]
6.7.2026, 12:59:47 - INFO - Socket disconnected [id: undefined]
6.7.2026, 12:59:48 - INFO - New connected socket [id: nqob9H9H0ZuO7DsrAAAH]
6.7.2026, 12:59:48 - INFO - Setting socket.userId = Xl53T for socket [id: nqob9H9H0ZuO7DsrAAAH]
6.7.2026, 13:03:16 - INFO - Server is running on port: 3030
6.7.2026, 13:03:17 - INFO - New connected socket [id: 60dYWjplcaVvB1RRAAAB]
6.7.2026, 13:03:30 - INFO - Server is running on port: 3030
6.7.2026, 13:03:31 - INFO - New connected socket [id: MKJcj4UZGDo1QYU8AAAB]
6.7.2026, 13:03:31 - INFO - Setting socket.userId = Xl53T for socket [id: MKJcj4UZGDo1QYU8AAAB]
6.7.2026, 13:04:08 - INFO - Server is running on port: 3030
6.7.2026, 13:04:09 - INFO - New connected socket [id: AybMyh-0vUtakXT-AAAB]
6.7.2026, 13:04:59 - INFO - Server is running on port: 3030
6.7.2026, 13:04:59 - INFO - User collection is empty, seeding default users...
6.7.2026, 13:04:59 - ERROR - Failed to seed user collection: | ReferenceError: gDefaultUsers is not defined
6.7.2026, 13:05:00 - INFO - New connected socket [id: 3qbn-kpRkYzcLVHgAAAB]
6.7.2026, 13:05:26 - INFO - Server is running on port: 3030
6.7.2026, 13:05:26 - INFO - User collection is empty, seeding default users...
6.7.2026, 13:05:26 - INFO - Successfully seeded 5438 users!
6.7.2026, 13:05:29 - INFO - New connected socket [id: TzpJbWnMhpHNoZIjAAAB]
6.7.2026, 13:05:29 - INFO - Setting socket.userId = Xl53T for socket [id: TzpJbWnMhpHNoZIjAAAB]
6.7.2026, 13:07:20 - INFO - Socket disconnected [id: undefined]
6.7.2026, 13:07:21 - INFO - New connected socket [id: HO2IzrV7gj6UC7hsAAAD]
6.7.2026, 13:07:21 - INFO - Setting socket.userId = Xl53T for socket [id: HO2IzrV7gj6UC7hsAAAD]
6.7.2026, 13:11:24 - INFO - Socket disconnected [id: undefined]
6.7.2026, 13:11:24 - INFO - New connected socket [id: 4ZLl-lCYNug4SmQtAAAF]
6.7.2026, 13:11:24 - INFO - Setting socket.userId = Xl53T for socket [id: 4ZLl-lCYNug4SmQtAAAF]
6.7.2026, 13:11:27 - INFO - Socket disconnected [id: undefined]
6.7.2026, 13:11:27 - INFO - New connected socket [id: qvTPBwcRql4h4dYGAAAH]
6.7.2026, 13:11:27 - INFO - Setting socket.userId = Xl53T for socket [id: qvTPBwcRql4h4dYGAAAH]
6.7.2026, 13:15:06 - INFO - Server is running on port: 3030
6.7.2026, 13:15:07 - INFO - New connected socket [id: 4cSgoZ_8DtFBygsZAAAB]
6.7.2026, 13:15:33 - INFO - Socket disconnected [id: undefined]
6.7.2026, 13:15:33 - INFO - New connected socket [id: OxxGcWWPx-q-ktoGAAAD]
6.7.2026, 13:15:34 - INFO - Setting socket.userId = Xl53T for socket [id: OxxGcWWPx-q-ktoGAAAD]
6.7.2026, 13:15:37 - INFO - Socket disconnected [id: undefined]
6.7.2026, 13:15:37 - INFO - New connected socket [id: d9kQJqTXjVI_qt3QAAAF]
6.7.2026, 13:15:38 - INFO - Setting socket.userId = Xl53T for socket [id: d9kQJqTXjVI_qt3QAAAF]
6.7.2026, 13:15:40 - INFO - Socket disconnected [id: undefined]
6.7.2026, 13:15:40 - INFO - New connected socket [id: TyYkDCYywfuhJsCTAAAH]
6.7.2026, 13:15:40 - INFO - Setting socket.userId = Xl53T for socket [id: TyYkDCYywfuhJsCTAAAH]
6.7.2026, 13:16:09 - INFO - Server is running on port: 3030
6.7.2026, 13:16:10 - INFO - New connected socket [id: lNHgNxpX9JUsIgcOAAAB]
6.7.2026, 13:16:11 - INFO - Server is running on port: 3030
6.7.2026, 13:16:12 - INFO - New connected socket [id: U6zO1yzd6F6X7UA5AAAB]
6.7.2026, 13:16:15 - INFO - Socket disconnected [id: undefined]
6.7.2026, 13:16:16 - INFO - New connected socket [id: NNJHIoDdBPP6VorFAAAD]
6.7.2026, 13:16:16 - INFO - Setting socket.userId = Xl53T for socket [id: NNJHIoDdBPP6VorFAAAD]
6.7.2026, 14:27:08 - INFO - Server is running on port: 3030
6.7.2026, 14:27:09 - INFO - New connected socket [id: 7KN4hrbdNkB_iMqgAAAB]
6.7.2026, 14:27:12 - INFO - Server is running on port: 3030
6.7.2026, 14:27:14 - INFO - New connected socket [id: nLIO24MB4Hz1--hvAAAB]
6.7.2026, 14:27:17 - INFO - Server is running on port: 3030
6.7.2026, 14:27:18 - INFO - New connected socket [id: QnAAnxTfXybnGZiEAAAB]
6.7.2026, 14:27:48 - INFO - Server is running on port: 3030
6.7.2026, 14:27:49 - INFO - New connected socket [id: wCaoP1GlxvvdK24LAAAB]
6.7.2026, 14:28:16 - INFO - Server is running on port: 3030
6.7.2026, 14:28:18 - INFO - New connected socket [id: 2OhKS4sSetx5xhqeAAAB]
6.7.2026, 14:28:25 - INFO - Server is running on port: 3030
6.7.2026, 14:28:26 - INFO - New connected socket [id: ro-sEm0_Yzi4vhCqAAAB]
6.7.2026, 14:28:28 - INFO - Server is running on port: 3030
6.7.2026, 14:28:29 - INFO - New connected socket [id: ny2arxkHJx3equdkAAAB]
6.7.2026, 14:28:57 - INFO - Server is running on port: 3030
6.7.2026, 14:28:58 - INFO - New connected socket [id: JbYsHfm4F8GVz7AZAAAB]
6.7.2026, 14:29:05 - INFO - Socket disconnected [id: undefined]
6.7.2026, 14:29:06 - INFO - New connected socket [id: 1az6KvjdAYA_RZxuAAAD]
6.7.2026, 14:29:06 - INFO - Setting socket.userId = Xl53T for socket [id: 1az6KvjdAYA_RZxuAAAD]
6.7.2026, 14:31:00 - INFO - Socket disconnected [id: undefined]
6.7.2026, 14:31:01 - INFO - New connected socket [id: pTvKL3BFqZqZh5ZoAAAF]
6.7.2026, 14:31:01 - INFO - Setting socket.userId = Xl53T for socket [id: pTvKL3BFqZqZh5ZoAAAF]
6.7.2026, 14:33:37 - INFO - Server is running on port: 3030
6.7.2026, 14:33:40 - INFO - New connected socket [id: tqTD38u5lrfkEtPPAAAB]
6.7.2026, 14:33:57 - INFO - Socket disconnected [id: undefined]
6.7.2026, 14:33:57 - INFO - New connected socket [id: lMVYYW_vvuTEUwomAAAD]
6.7.2026, 14:33:57 - INFO - Setting socket.userId = Xl53T for socket [id: lMVYYW_vvuTEUwomAAAD]
6.7.2026, 14:34:49 - INFO - Socket disconnected [id: undefined]
6.7.2026, 14:34:49 - INFO - New connected socket [id: TcxwHCouM6g1Lv3_AAAF]
6.7.2026, 14:34:50 - INFO - Setting socket.userId = Xl53T for socket [id: TcxwHCouM6g1Lv3_AAAF]
6.7.2026, 14:35:07 - INFO - Socket disconnected [id: undefined]
6.7.2026, 14:35:07 - INFO - New connected socket [id: AOygLoy6CjJ2CVyTAAAH]
6.7.2026, 14:35:07 - INFO - Setting socket.userId = Xl53T for socket [id: AOygLoy6CjJ2CVyTAAAH]
6.7.2026, 14:35:41 - INFO - Removing socket.userId for socket [id: AOygLoy6CjJ2CVyTAAAH]
6.7.2026, 14:36:43 - INFO - Setting socket.userId = 36133410 for socket [id: AOygLoy6CjJ2CVyTAAAH]
6.7.2026, 14:39:32 - INFO - Socket disconnected [id: undefined]
6.7.2026, 14:39:32 - INFO - New connected socket [id: 8ZtbrQCyFewovomXAAAJ]
6.7.2026, 14:39:32 - INFO - Setting socket.userId = 36133410 for socket [id: 8ZtbrQCyFewovomXAAAJ]
6.7.2026, 14:41:27 - INFO - Socket disconnected [id: undefined]
6.7.2026, 14:41:27 - INFO - New connected socket [id: XxpqazHAtZMVaaZYAAAL]
6.7.2026, 14:41:27 - INFO - Setting socket.userId = 36133410 for socket [id: XxpqazHAtZMVaaZYAAAL]
6.7.2026, 14:42:52 - INFO - Socket disconnected [id: undefined]
6.7.2026, 14:43:03 - INFO - New connected socket [id: aKiVc3Q3q_mO7JKuAAAN]
6.7.2026, 14:43:03 - INFO - Setting socket.userId = 36133410 for socket [id: aKiVc3Q3q_mO7JKuAAAN]
6.7.2026, 14:43:26 - INFO - New connected socket [id: Nwz5nlkgl-__itksAAAP]
6.7.2026, 14:43:29 - INFO - New connected socket [id: opnvgyFu94shgPG6AAAR]
6.7.2026, 14:43:47 - INFO - Setting socket.userId = H6tBj for socket [id: opnvgyFu94shgPG6AAAR]
6.7.2026, 14:43:53 - INFO - New connected socket [id: HdpXiRReBKCKiJpwAAAT]
6.7.2026, 14:44:00 - INFO - New connected socket [id: XC-dNTG4lOPPht46AAAV]
6.7.2026, 14:44:01 - INFO - Socket disconnected [id: undefined]
6.7.2026, 14:44:15 - INFO - Setting socket.userId = H6tBj for socket [id: XC-dNTG4lOPPht46AAAV]
6.7.2026, 14:44:32 - INFO - New connected socket [id: 9jAXEd2tja1G09kMAAAX]
6.7.2026, 14:44:44 - INFO - New connected socket [id: Bnn_RnxZBrD7Cxe2AAAZ]
6.7.2026, 14:46:06 - INFO - Socket disconnected [id: undefined]
6.7.2026, 14:46:06 - INFO - Socket disconnected [id: undefined]
6.7.2026, 14:46:06 - INFO - Socket disconnected [id: undefined]
6.7.2026, 14:46:06 - INFO - Socket disconnected [id: undefined]
6.7.2026, 14:46:06 - INFO - Socket disconnected [id: undefined]
6.7.2026, 14:46:06 - INFO - Socket disconnected [id: undefined]
6.7.2026, 14:46:07 - INFO - New connected socket [id: X4-TUDZlPxholtjbAAAb]
6.7.2026, 14:46:07 - INFO - New connected socket [id: tuwpbmWP1tYa2Ks4AAAe]
6.7.2026, 14:46:07 - INFO - New connected socket [id: WryRiC6o1IC0exp9AAAf]
6.7.2026, 14:46:07 - INFO - Setting socket.userId = H6tBj for socket [id: WryRiC6o1IC0exp9AAAf]
6.7.2026, 14:46:07 - INFO - New connected socket [id: Wjkq2kJCj-EQVGdrAAAj]
6.7.2026, 14:46:07 - INFO - New connected socket [id: _wMQBwqnWqlXek3zAAAk]
6.7.2026, 14:46:07 - INFO - New connected socket [id: 0RGHzPICMjcHt-4yAAAl]
6.7.2026, 14:46:07 - INFO - Setting socket.userId = 36133410 for socket [id: 0RGHzPICMjcHt-4yAAAl]
6.7.2026, 14:46:17 - DEBUG - auth.service - login with username: Best
6.7.2026, 14:46:17 - ERROR - Failed to Login Invalid username or password
6.7.2026, 14:46:17 - INFO - New connected socket [id: e2trSBNOrb1X9W0hAAAn]
6.7.2026, 14:46:34 - INFO - New connected socket [id: o3uGHbfAGQdEkmZAAAAp]
6.7.2026, 14:46:52 - INFO - Socket disconnected [id: undefined]
6.7.2026, 14:48:42 - INFO - Server is running on port: 3030
6.7.2026, 14:48:43 - INFO - New connected socket [id: 0Xh4N0iiERMyuvfIAAAE]
6.7.2026, 14:48:43 - INFO - New connected socket [id: Eg_8y5_thybZc45eAAAG]
6.7.2026, 14:48:43 - INFO - New connected socket [id: 71xcO_xYmxlY0xK2AAAH]
6.7.2026, 14:48:43 - INFO - New connected socket [id: 6EhbVIpUov0Icn6vAAAI]
6.7.2026, 14:48:43 - INFO - New connected socket [id: tNE2Nd3EnmOuo0caAAAJ]
6.7.2026, 14:48:44 - INFO - Server is running on port: 3030
6.7.2026, 14:48:44 - INFO - New connected socket [id: G0IRSjYa2aAeYxsnAAAC]
6.7.2026, 14:48:44 - INFO - New connected socket [id: Gn2EXmoLGnSuq7YrAAAD]
6.7.2026, 14:48:44 - INFO - New connected socket [id: ZleHsSN2-_7kd5NCAAAF]
6.7.2026, 14:48:44 - INFO - New connected socket [id: rMd11bYK_p3vLaGmAAAH]
6.7.2026, 14:48:45 - INFO - New connected socket [id: 8W67xv_z_n-OspepAAAL]
6.7.2026, 14:48:45 - INFO - New connected socket [id: q2q-i_cJgNF310WlAAAM]
6.7.2026, 14:48:45 - INFO - New connected socket [id: 9W0mVBc5TtQPtnCYAAAN]
6.7.2026, 14:51:10 - INFO - Socket disconnected [id: undefined]
6.7.2026, 14:51:10 - INFO - Socket disconnected [id: undefined]
6.7.2026, 14:51:10 - INFO - Socket disconnected [id: undefined]
6.7.2026, 14:51:10 - INFO - Socket disconnected [id: undefined]
6.7.2026, 14:51:10 - INFO - Socket disconnected [id: undefined]
6.7.2026, 14:51:10 - INFO - Socket disconnected [id: undefined]
6.7.2026, 14:51:10 - INFO - Socket disconnected [id: undefined]
6.7.2026, 14:51:12 - INFO - New connected socket [id: slKvXS1LkWLiDoyDAAAQ]
6.7.2026, 14:51:12 - INFO - New connected socket [id: Noa2KdAWx0nWE7UFAAAR]
6.7.2026, 14:51:12 - INFO - Setting socket.userId = H6tBj for socket [id: slKvXS1LkWLiDoyDAAAQ]
6.7.2026, 14:51:12 - INFO - New connected socket [id: p4s3Z89S6J0ww8HkAAAW]
6.7.2026, 14:51:12 - INFO - New connected socket [id: HQI1FlZyt5gCFtxRAAAX]
6.7.2026, 14:51:12 - INFO - New connected socket [id: q-K0SyQ_Hu65uExoAAAY]
6.7.2026, 14:51:12 - INFO - New connected socket [id: yvhGdbuFTDIdtBR9AAAZ]
6.7.2026, 14:51:12 - INFO - Setting socket.userId = 36133410 for socket [id: q-K0SyQ_Hu65uExoAAAY]
6.7.2026, 14:51:12 - INFO - New connected socket [id: FD1TX6WhIuw1HgS1AAAb]
6.7.2026, 14:51:13 - INFO - Socket disconnected [id: undefined]
6.7.2026, 14:51:13 - INFO - Socket disconnected [id: undefined]
6.7.2026, 14:51:13 - INFO - Socket disconnected [id: undefined]
6.7.2026, 14:51:13 - INFO - Socket disconnected [id: undefined]
6.7.2026, 14:51:13 - INFO - Socket disconnected [id: undefined]
6.7.2026, 14:51:14 - INFO - Socket disconnected [id: undefined]
6.7.2026, 14:51:14 - INFO - Socket disconnected [id: undefined]
6.7.2026, 14:51:14 - INFO - New connected socket [id: c6revRh_6qqE1OvrAAAd]
6.7.2026, 14:51:14 - INFO - Setting socket.userId = H6tBj for socket [id: c6revRh_6qqE1OvrAAAd]
6.7.2026, 14:51:14 - INFO - New connected socket [id: QMzI_O7INW0jrR0yAAAf]
6.7.2026, 14:51:15 - INFO - New connected socket [id: xihPcWAVXpehGqw3AAAh]
6.7.2026, 14:51:15 - INFO - New connected socket [id: LLSQqVMWG8j9wdusAAAj]
6.7.2026, 14:51:15 - INFO - New connected socket [id: NO-HjqmYbKpvRBoXAAAl]
6.7.2026, 14:51:15 - INFO - Setting socket.userId = 36133410 for socket [id: NO-HjqmYbKpvRBoXAAAl]
6.7.2026, 14:51:15 - INFO - New connected socket [id: Gd1FMXgP7XYogWCSAAAn]
6.7.2026, 14:51:15 - INFO - New connected socket [id: wqiJfFmBxU_8vxoNAAAp]
6.7.2026, 14:51:24 - DEBUG - auth.service - login with username: Best
6.7.2026, 14:51:24 - ERROR - Failed to Login Invalid username or password
6.7.2026, 14:51:24 - INFO - New connected socket [id: eVGjj690KiGCb2GvAAAr]
6.7.2026, 14:51:38 - DEBUG - auth.service - login with username: Best
6.7.2026, 14:51:38 - ERROR - Failed to Login Invalid username or password
6.7.2026, 14:51:38 - INFO - Socket disconnected [id: undefined]
6.7.2026, 14:51:38 - INFO - New connected socket [id: W_sHAEAx6MI-1mi2AAAt]
6.7.2026, 14:51:45 - INFO - Socket disconnected [id: undefined]
6.7.2026, 14:51:57 - INFO - Socket disconnected [id: undefined]
6.7.2026, 14:51:57 - INFO - Socket disconnected [id: undefined]
6.7.2026, 14:51:57 - INFO - Socket disconnected [id: undefined]
6.7.2026, 14:51:57 - INFO - New connected socket [id: Rc7VU1DsB05969tnAAAv]
6.7.2026, 14:51:57 - INFO - New connected socket [id: 7Uqu81zzlQ0v4xbqAAAx]
6.7.2026, 14:51:58 - INFO - Setting socket.userId = H6tBj for socket [id: 7Uqu81zzlQ0v4xbqAAAx]
6.7.2026, 14:51:58 - INFO - New connected socket [id: 3K2CzYy4Yw1WP_UXAAAz]
6.7.2026, 14:52:03 - DEBUG - auth.service - login with username: Best
6.7.2026, 14:52:03 - ERROR - Failed to Login Invalid username or password
6.7.2026, 14:52:03 - INFO - Socket disconnected [id: undefined]
6.7.2026, 14:52:04 - INFO - New connected socket [id: rhglJBgjd9O5FUYsAAA1]
6.7.2026, 14:52:07 - INFO - Socket disconnected [id: undefined]
6.7.2026, 14:52:07 - INFO - New connected socket [id: dewG5WD6AH_Vd2kwAAA3]
6.7.2026, 14:52:07 - INFO - Socket disconnected [id: undefined]
6.7.2026, 14:52:07 - INFO - New connected socket [id: 74XE8eb4-5oPTibxAAA5]
6.7.2026, 14:52:46 - INFO - Socket disconnected [id: undefined]
6.7.2026, 14:52:46 - INFO - Socket disconnected [id: undefined]
6.7.2026, 14:52:46 - INFO - Socket disconnected [id: undefined]
6.7.2026, 14:52:46 - INFO - Socket disconnected [id: undefined]
6.7.2026, 14:52:46 - INFO - Socket disconnected [id: undefined]
6.7.2026, 14:52:46 - INFO - Socket disconnected [id: undefined]
6.7.2026, 14:52:46 - INFO - Socket disconnected [id: undefined]
6.7.2026, 14:52:53 - INFO - New connected socket [id: 7jUJOBlymVvUzKN4AAA7]
6.7.2026, 14:52:58 - DEBUG - auth.service - login with username: Best
6.7.2026, 14:52:58 - ERROR - Failed to Login Invalid username or password
6.7.2026, 14:52:58 - INFO - Socket disconnected [id: undefined]
6.7.2026, 14:52:58 - INFO - New connected socket [id: psV6ak7OsdutVSuDAAA9]
6.7.2026, 14:53:27 - DEBUG - auth.service - login with username: pattyandbeckett
6.7.2026, 14:53:27 - INFO - User login:  | {"_id":"36133410","username":"pattyandbeckett","fullname":"Patty And Beckett","isAdmin":false,"id":"36133410","score":100,"location":"Eureka, California, United States","description":"Adventurous couple loves to travel :)","imgUrl":"https://randomuser.me/api/portraits/men/1.jpg"}
6.7.2026, 14:53:28 - INFO - Setting socket.userId = 36133410 for socket [id: psV6ak7OsdutVSuDAAA9]
6.7.2026, 14:53:31 - INFO - New connected socket [id: kKaulICtMZb64pPGAAA_]
6.7.2026, 14:53:47 - INFO - Socket disconnected [id: undefined]
6.7.2026, 14:53:47 - INFO - New connected socket [id: FY5Zy3emIvuz--bOAABB]
6.7.2026, 14:57:24 - INFO - Socket disconnected [id: undefined]
6.7.2026, 14:57:24 - INFO - New connected socket [id: iwuKgX790IKQxmc3AABD]
6.7.2026, 14:57:25 - INFO - Socket disconnected [id: undefined]
6.7.2026, 14:57:25 - INFO - New connected socket [id: dr6bwsdRQKqjRZORAABF]
6.7.2026, 14:57:25 - INFO - Setting socket.userId = 36133410 for socket [id: dr6bwsdRQKqjRZORAABF]
6.7.2026, 14:57:41 - ERROR - while finding user by id: session | BSONError: hex string must be 24 characters | 36133410
6.7.2026, 14:57:41 - ERROR - Failed to get user | BSONError: hex string must be 24 characters | 36133410
6.7.2026, 14:57:41 - ERROR - Failed to get user | BSONError: hex string must be 24 characters | 36133410
6.7.2026, 14:57:41 - ERROR - while finding user by id: session | BSONError: hex string must be 24 characters | 36133410
6.7.2026, 14:57:53 - DEBUG - auth.service - login with username: pattyandbeckett | 36133410
6.7.2026, 14:57:53 - INFO - User login:  | {"_id":"36133410","username":"pattyandbeckett","fullname":"Patty And Beckett","isAdmin":false,"id":"36133410","score":100,"location":"Eureka, California, United States","description":"Adventurous couple loves to travel :)","imgUrl":"https://randomuser.me/api/portraits/men/1.jpg"} | 36133410
6.7.2026, 14:57:53 - INFO - Setting socket.userId = 36133410 for socket [id: dr6bwsdRQKqjRZORAABF]
6.7.2026, 14:57:55 - INFO - New connected socket [id: 28S7eap-Q6KoR6b0AABH]
6.7.2026, 14:57:55 - ERROR - while finding user by id: session | BSONError: hex string must be 24 characters | 36133410
6.7.2026, 14:57:55 - ERROR - Failed to get user | BSONError: hex string must be 24 characters | 36133410
6.7.2026, 14:59:02 - INFO - Server is running on port: 3030
6.7.2026, 14:59:02 - INFO - New connected socket [id: 5f6hYzIdYcLlMh3zAAAB]
6.7.2026, 14:59:03 - INFO - New connected socket [id: nRqReoYbLc1C-M5TAAAD]
6.7.2026, 14:59:03 - INFO - Socket disconnected [id: undefined]
6.7.2026, 14:59:03 - INFO - New connected socket [id: 1M8H3m_qa0iG6kwFAAAF]
6.7.2026, 14:59:04 - ERROR - Failed to get user | TypeError: Cannot read properties of undefined (reading 'user') | 36133410
6.7.2026, 14:59:04 - INFO - New connected socket [id: _wLTTAmoaC83WGQUAAAH]
6.7.2026, 14:59:49 - INFO - Server is running on port: 3030
6.7.2026, 14:59:51 - INFO - New connected socket [id: Q3p-4GJrWnC1R9-vAAAD]
6.7.2026, 14:59:51 - INFO - New connected socket [id: ps-L1nNZu0d6YCAvAAAE]
6.7.2026, 14:59:51 - INFO - New connected socket [id: a-kvspFw5b2DBgVUAAAF]
6.7.2026, 15:00:13 - INFO - Server is running on port: 3030
6.7.2026, 15:00:13 - INFO - New connected socket [id: SrmE__RH7yqut9uAAAAC]
6.7.2026, 15:00:13 - INFO - New connected socket [id: 0rq0_8cp3kdWnBs4AAAD]
6.7.2026, 15:00:16 - INFO - Socket disconnected [id: undefined]
6.7.2026, 15:00:16 - INFO - New connected socket [id: Tfv4pT84FwNfUpOPAAAF]
6.7.2026, 15:00:16 - ERROR - while finding user by id: session | BSONError: hex string must be 24 characters | 36133410
6.7.2026, 15:00:16 - ERROR - Failed to get user | BSONError: hex string must be 24 characters | 36133410
6.7.2026, 15:00:18 - INFO - New connected socket [id: bCdhOm5a0W0aTVD4AAAH]
6.7.2026, 15:00:56 - INFO - Socket disconnected [id: undefined]
6.7.2026, 15:00:56 - INFO - Socket disconnected [id: undefined]
6.7.2026, 15:00:56 - INFO - Socket disconnected [id: undefined]
6.7.2026, 15:00:57 - INFO - New connected socket [id: YPNRRd97cVW08jMVAAAJ]
6.7.2026, 15:00:57 - INFO - New connected socket [id: -55NYEBPYZ-_YdIhAAAL]
6.7.2026, 15:00:57 - ERROR - while finding user by id: session | BSONError: hex string must be 24 characters | 36133410
6.7.2026, 15:00:57 - ERROR - Failed to get user | BSONError: hex string must be 24 characters | 36133410
6.7.2026, 15:00:57 - INFO - Setting socket.userId = 36133410 for socket [id: -55NYEBPYZ-_YdIhAAAL]
6.7.2026, 15:00:57 - ERROR - Failed to get user | BSONError: hex string must be 24 characters | 36133410
6.7.2026, 15:00:57 - ERROR - while finding user by id: session | BSONError: hex string must be 24 characters | 36133410
6.7.2026, 15:00:57 - INFO - New connected socket [id: bJCmtVHxmjZj7BaCAAAN]
6.7.2026, 15:00:57 - ERROR - Failed to get user | BSONError: hex string must be 24 characters | 36133410
6.7.2026, 15:00:57 - ERROR - while finding user by id: session | BSONError: hex string must be 24 characters | 36133410
6.7.2026, 15:01:01 - INFO - Socket disconnected [id: undefined]
6.7.2026, 15:01:02 - INFO - New connected socket [id: O0k0F9Oi-cAkVdX8AAAP]
6.7.2026, 15:01:02 - ERROR - while finding user by id: session | BSONError: hex string must be 24 characters | 36133410
6.7.2026, 15:01:02 - ERROR - Failed to get user | BSONError: hex string must be 24 characters | 36133410
6.7.2026, 15:01:02 - INFO - Socket disconnected [id: undefined]
6.7.2026, 15:01:02 - INFO - Socket disconnected [id: undefined]
6.7.2026, 15:01:02 - INFO - New connected socket [id: d0m2Yrnt4BASh9ZlAAAS]
6.7.2026, 15:01:02 - INFO - New connected socket [id: xrcJ6mlfnxZvglyEAAAT]
6.7.2026, 15:01:02 - INFO - Setting socket.userId = 36133410 for socket [id: d0m2Yrnt4BASh9ZlAAAS]
6.7.2026, 15:01:02 - ERROR - while finding user by id: session | BSONError: hex string must be 24 characters | 36133410
6.7.2026, 15:01:02 - ERROR - Failed to get user | BSONError: hex string must be 24 characters | 36133410
6.7.2026, 15:01:02 - ERROR - while finding user by id: session | BSONError: hex string must be 24 characters | 36133410
6.7.2026, 15:01:02 - ERROR - Failed to get user | BSONError: hex string must be 24 characters | 36133410
6.7.2026, 15:01:28 - INFO - Socket disconnected [id: undefined]
6.7.2026, 15:01:29 - INFO - New connected socket [id: yaV7yt1gHsNdza_PAAAV]
6.7.2026, 15:01:38 - DEBUG - auth.service - login with username: pattyandbeckett | 36133410
6.7.2026, 15:01:38 - INFO - User login:  | {"_id":"36133410","username":"pattyandbeckett","fullname":"Patty And Beckett","isAdmin":false,"id":"36133410","score":100,"location":"Eureka, California, United States","description":"Adventurous couple loves to travel :)","imgUrl":"https://randomuser.me/api/portraits/men/1.jpg"} | 36133410
6.7.2026, 15:01:38 - INFO - Setting socket.userId = 36133410 for socket [id: yaV7yt1gHsNdza_PAAAV]
6.7.2026, 15:01:40 - INFO - New connected socket [id: 3SN6vsd1aXwUXs-oAAAX]
6.7.2026, 15:02:21 - INFO - Server is running on port: 3030
6.7.2026, 15:02:22 - INFO - New connected socket [id: JvyhIPLQzgZWz4hzAAAC]
6.7.2026, 15:02:22 - INFO - New connected socket [id: bnctDul7ojGAJutIAAAD]
6.7.2026, 15:02:23 - INFO - New connected socket [id: yXLLdXnfPdkcfWWNAAAG]
6.7.2026, 15:02:23 - INFO - New connected socket [id: r2I4-AIjLjtV28DfAAAH]
6.7.2026, 15:05:19 - INFO - Server is running on port: 3030
6.7.2026, 15:05:19 - INFO - New connected socket [id: 4TLkTfXsZ6a7NDFNAAAC]
6.7.2026, 15:05:19 - INFO - New connected socket [id: qO2mMYDzyiyPgrD3AAAD]
6.7.2026, 15:05:20 - INFO - Socket disconnected [id: undefined]
6.7.2026, 15:05:20 - INFO - New connected socket [id: 79UNfhbZ2TrrgA5UAAAF]
6.7.2026, 15:05:20 - ERROR - while finding user by id: session | BSONError: hex string must be 24 characters | 36133410
6.7.2026, 15:05:20 - ERROR - Failed to get user | BSONError: hex string must be 24 characters | 36133410
6.7.2026, 15:05:25 - INFO - New connected socket [id: RVp9ofT8U0C7_FjqAAAI]
6.7.2026, 15:05:25 - INFO - New connected socket [id: pR5Hbq4wRUY1bEn7AAAJ]
6.7.2026, 15:05:47 - INFO - Server is running on port: 3030
6.7.2026, 15:05:48 - INFO - New connected socket [id: Bmks9xu5NpXG48cUAAAE]
6.7.2026, 15:05:48 - INFO - New connected socket [id: P_6RENXXQMHQ9pweAAAF]
6.7.2026, 15:05:48 - INFO - New connected socket [id: vRFLoJ3H1kGrkLcCAAAG]
6.7.2026, 15:05:48 - INFO - New connected socket [id: Xztix8wekEmmyQ_JAAAH]
6.7.2026, 15:05:55 - INFO - Server is running on port: 3030
6.7.2026, 15:05:56 - INFO - New connected socket [id: mb1Y5z8dODN8-jB3AAAB]
6.7.2026, 15:05:57 - INFO - New connected socket [id: 6Xc9bAJ_EvIPSBv3AAAF]
6.7.2026, 15:05:57 - INFO - New connected socket [id: d7lo9qRVkIS_ZXL5AAAG]
6.7.2026, 15:05:57 - INFO - New connected socket [id: KqjYyuGB0pGYI4-vAAAH]
6.7.2026, 15:06:21 - INFO - Server is running on port: 3030
6.7.2026, 15:06:22 - INFO - New connected socket [id: W_BbdpozgnajchU6AAAC]
6.7.2026, 15:06:22 - INFO - New connected socket [id: ji9uQTgbTcPNE7TlAAAD]
6.7.2026, 15:06:23 - INFO - New connected socket [id: 6bJhtLLwkQAwX0NDAAAG]
6.7.2026, 15:06:23 - INFO - New connected socket [id: peBKtXrI44bKm1olAAAH]
6.7.2026, 15:06:24 - INFO - Server is running on port: 3030
6.7.2026, 15:06:25 - INFO - New connected socket [id: aBzN_ONuW6nh0y12AAAE]
6.7.2026, 15:06:25 - INFO - New connected socket [id: 1wPmL9mI_Tvt5A_4AAAF]
6.7.2026, 15:06:25 - INFO - New connected socket [id: OacWGcIpJz-PXv4RAAAG]
6.7.2026, 15:06:25 - INFO - New connected socket [id: cTfpObGiX2XMCU97AAAH]
6.7.2026, 15:06:29 - INFO - Server is running on port: 3030
6.7.2026, 15:06:30 - INFO - New connected socket [id: 0sc0g5Z5g0nmm1kAAAAE]
6.7.2026, 15:06:30 - INFO - New connected socket [id: egJIo5EhGOWvmMxEAAAG]
6.7.2026, 15:06:30 - INFO - New connected socket [id: Mri1iksqoa7YuJuLAAAF]
6.7.2026, 15:06:30 - INFO - New connected socket [id: 0Q3Krls6bf3E1Q1WAAAH]
